DEBUG:matplotlib.font_manager:findfont: score(FontEntry(fname='/System/Library/AssetsV2/com_apple_MobileAsset_Font7/a4c319bf6b27682fd9b5dae0b4b3160afc4a37e3.asset/AssetData/AkayaKannada-regular.ttf', name='AkayaKanadaka', style='normal', variant='normal', weight=400, stretch='normal', size='scalable')) = 11.05
DEBUG:matplotlib.font_manager:findfont: score(FontEntry(fname='/System/Library/Fonts/Supplemental/Sinhala MN.ttc', name='Sinhala MN', style='normal', variant='normal', weight=400, stretch='normal', size='scalable')) = 11.05
DEBUG:matplotlib.font_manager:findfont: score(FontEntry(fname='/System/Library/AssetsV2/com_apple_MobileAsset_Font7/d9a8a6ae726910080d90232eaf0edb06da712758.asset/AssetData/TsukushiAMaruGothic.ttc', name='Tsukushi A Round Gothic', style='normal', variant='normal', weight=400, stretch='normal', size='scalable')) = 11.05
DEBUG:matplotlib.font_manager:findfont: score(FontEntry(fname='/System/Library/Fonts/Supplemental/DecoTypeNaskh.ttc', name='DecoType Naskh', style='normal', variant='normal', weight=400, stretch='normal', size='scalable')) = 11.05
DEBUG:matplotlib.font_manager:findfont: score(FontEntry(fname='/System/Library/Fonts/Supplemental/Gujarati Sangam MN.ttc', name='Gujarati Sangam MN', style='normal', variant='normal', weight=400, stretch='normal', size='scalable')) = 11.05
DEBUG:matplotlib.font_manager:findfont: score(FontEntry(fname='/System/Library/Fonts/Supplemental/PTSerif.ttc', name='PT Serif', style='normal', variant='normal', weight=400, stretch='normal', size='scalable')) = 11.05
DEBUG:matplotlib.font_manager:findfont: score(FontEntry(fname='/System/Library/AssetsV2/com_apple_MobileAsset_Font7/988d97c87efe350cfa398b9ae4e822431f92d59b.asset/AssetData/Srisakdi.ttc', name='Srisakdi', style='normal', variant='normal', weight=400, stretch='normal', size='scalable')) = 11.05
DEBUG:matplotlib.font_manager:findfont: score(FontEntry(fname='/System/Library/AssetsV2/com_apple_MobileAsset_Font7/e13e9d74dd730ca10b36e625bd3b964013949a20.asset/AssetData/OctoberDevanagari.ttc', name='October Devanagari', style='normal', variant='normal', weight=400, stretch='normal', size='scalable')) = 11.05
DEBUG:matplotlib.font_manager:findfont: score(FontEntry(fname='/System/Library/Fonts/Supplemental/Marion.ttc', name='Marion', style='normal', variant='normal', weight=400, stretch='normal', size='scalable')) = 11.05
DEBUG:matplotlib.font_manager:findfont: score(FontEntry(fname='/System/Library/Fonts/ヒラギノ角ゴシック W0.ttc', name='Hiragino Sans', style='normal', variant='normal', weight=100, stretch='normal', size='scalable')) = 11.335
DEBUG:matplotlib.font_manager:findfont: score(FontEntry(fname='/System/Library/AssetsV2/com_apple_MobileAsset_Font7/7ca27bc02dd7660f9dacd69df96d24639b96e080.asset/AssetData/Pilgiche.ttf', name='PilGi', style='normal', variant='normal', weight=400, stretch='normal', size='scalable')) = 11.05
DEBUG:matplotlib.font_manager:findfont: score(FontEntry(fname='/System/Library/Fonts/Supplemental/Chalkboard.ttc', name='Chalkboard', style='normal', variant='normal', weight=400, stretch='normal', size='scalable')) = 11.05
DEBUG:matplotlib.font_manager:findfont: score(FontEntry(fname='/System/Library/AssetsV2/com_apple_MobileAsset_Font7/2ae839cbaa0ff60fe6a1d8921a77c81adcec0646.asset/AssetData/AppleLiSung-Light.ttf', name='Apple LiSung', style='normal', variant='normal', weight=400, stretch='normal', size='scalable')) = 11.05
DEBUG:matplotlib.font_manager:findfont: score(FontEntry(fname='/System/Library/Fonts/Supplemental/NotoSansTifinagh-Regular.ttf', name='Noto Sans Tifinagh', style='normal', variant='normal', weight=400, stretch='normal', size='scalable')) = 11.05
DEBUG:matplotlib.font_manager:findfont: score(FontEntry(fname='/System/Library/Fonts/Supplemental/NotoSansMasaramGondi-Regular.otf', name='Noto Sans Masaram Gondi', style='normal', variant='normal', weight=400, stretch='normal', size='scalable')) = 11.05
DEBUG:matplotlib.font_manager:findfont: score(FontEntry(fname='/System/Library/AssetsV2/com_apple_MobileAsset_Font7/3d7c99b85a518ffb479044c11185e47744b6448d.asset/AssetData/WawaTC-Regular.otf', name='Wawati TC', style='normal', variant='normal', weight=400, stretch='normal', size='scalable')) = 11.05
DEBUG:matplotlib.font_manager:findfont: score(FontEntry(fname='/System/Library/AssetsV2/com_apple_MobileAsset_Font7/9e22136ec82f77bba367e78671c34422a2dbefb9.asset/AssetData/BalooBhaijaanUrdu-Regular.ttf', name='Baloo Bhaijaan', style='normal', variant='normal', weight=400, stretch='normal', size='scalable')) = 11.05
DEBUG:matplotlib.font_manager:findfont: score(FontEntry(fname='/System/Library/Fonts/Supplemental/NewPeninimMT.ttc', name='New Peninim MT', style='normal', variant='normal', weight=400, stretch='normal', size='scalable')) = 11.05
DEBUG:matplotlib.font_manager:findfont: score(FontEntry(fname='/System/Library/AssetsV2/com_apple_MobileAsset_Font7/e5642792741fe8d1df03a8fa2a1306f55e9ae8f5.asset/AssetData/Hubballi-regular.otf', name='Hubballi', style='normal', variant='normal', weight=400, stretch='normal', size='scalable')) = 11.05
DEBUG:matplotlib.font_manager:findfont: score(FontEntry(fname='/System/Library/Fonts/Supplemental/Khmer MN.ttc', name='Khmer MN', style='normal', variant='normal', weight=400, stretch='normal', size='scalable')) = 11.05
DEBUG:matplotlib.font_manager:findfont: score(FontEntry(fname='/System/Library/Fonts/Supplemental/Apple Chancery.ttf', name='Apple Chancery', style='normal', variant='normal', weight=0, stretch='normal', size='scalable')) = 11.43
DEBUG:matplotlib.font_manager:findfont: score(FontEntry(fname='/System/Library/Fonts/Supplemental/ChalkboardSE.ttc', name='Chalkboard SE', style='normal', variant='normal', weight=400, stretch='normal', size='scalable')) = 11.05
DEBUG:matplotlib.font_manager:findfont: score(FontEntry(fname='/System/Library/Fonts/Supplemental/NotoSansGunjalaGondi-Regular.otf', name='Noto Sans Gunjala Gondi', style='normal', variant='normal', weight=400, stretch='normal', size='scalable')) = 11.05
DEBUG:matplotlib.font_manager:findfont: score(FontEntry(fname='/System/Library/Fonts/Supplemental/Wingdings.ttf', name='Wingdings', style='normal', variant='normal', weight=400, stretch='normal', size='scalable')) = 11.05
DEBUG:matplotlib.font_manager:findfont: score(FontEntry(fname='/System/Library/Fonts/Supplemental/Devanagari Sangam MN.ttc', name='Devanagari Sangam MN', style='normal', variant='normal', weight=400, stretch='normal', size='scalable')) = 11.05
DEBUG:matplotlib.font_manager:findfont: score(FontEntry(fname='/System/Library/Fonts/Supplemental/STIXIntUpReg.otf', name='STIXIntegralsUp', style='normal', variant='normal', weight=400, stretch='normal', size='scalable')) = 11.05
DEBUG:matplotlib.font_manager:findfont: score(FontEntry(fname='/System/Library/Fonts/Supplemental/Verdana.ttf', name='Verdana', style='normal', variant='normal', weight=400, stretch='normal', size='scalable')) = 4.6863636363636365
DEBUG:matplotlib.font_manager:findfont: score(FontEntry(fname='/System/Library/AssetsV2/com_apple_MobileAsset_Font7/0e35a111b2580442c7bff35fcd5c54fc99ca1d91.asset/AssetData/Kodchasan.ttc', name='Kodchasan', style='normal', variant='normal', weight=400, stretch='normal', size='scalable')) = 11.05
DEBUG:matplotlib.font_manager:findfont: score(FontEntry(fname='/System/Library/Fonts/Supplemental/NotoSansSharada-Regular.ttf', name='Noto Sans Sharada', style='normal', variant='normal', weight=400, stretch='normal', size='scalable')) = 11.05
DEBUG:matplotlib.font_manager:findfont: score(FontEntry(fname='/System/Library/Fonts/Supplemental/NotoSansLycian-Regular.ttf', name='Noto Sans Lycian', style='normal', variant='normal', weight=400, stretch='normal', size='scalable')) = 11.05
DEBUG:matplotlib.font_manager:findfont: score(FontEntry(fname='/System/Library/AssetsV2/com_apple_MobileAsset_Font7/de4b2bad515a67ab2d11e39fd896b1e189252a43.asset/AssetData/HeadlineA.ttf', name='HeadLineA', style='normal', variant='normal', weight=400, stretch='normal', size='scalable')) = 11.05
DEBUG:matplotlib.font_manager:findfont: score(FontEntry(fname='/System/Library/Fonts/Supplemental/Damascus.ttc', name='Damascus', style='normal', variant='normal', weight=400, stretch='normal', size='scalable')) = 11.05
DEBUG:matplotlib.font_manager:findfont: score(FontEntry(fname='/System/Library/AssetsV2/com_apple_MobileAsset_Font7/34fead973f6b219177a77839ad8f341551fc495f.asset/AssetData/Niramit.ttc', name='Niramit', style='normal', variant='normal', weight=400, stretch='normal', size='scalable')) = 11.05
DEBUG:matplotlib.font_manager:findfont: score(FontEntry(fname='/System/Library/Fonts/Supplemental/NotoSansMahajani-Regular.ttf', name='Noto Sans Mahajani', style='normal', variant='normal', weight=400, stretch='normal', size='scalable')) = 11.05
DEBUG:matplotlib.font_manager:findfont: score(FontEntry(fname='/System/Library/Fonts/Symbol.ttf', name='Symbol', style='normal', variant='normal', weight=400, stretch='normal', size='scalable')) = 11.05
DEBUG:matplotlib.font_manager:findfont: score(FontEntry(fname='/System/Library/Fonts/Supplemental/Krungthep.ttf', name='Krungthep', style='normal', variant='normal', weight=400, stretch='normal', size='scalable')) = 11.05
DEBUG:matplotlib.font_manager:findfont: score(FontEntry(fname='/System/Library/Fonts/ヒラギノ明朝 ProN.ttc', name='Hiragino Mincho ProN', style='normal', variant='normal', weight=300, stretch='normal', size='scalable')) = 11.145
DEBUG:matplotlib.font_manager:findfont: score(FontEntry(fname='/System/Library/Fonts/Supplemental/STIXSizOneSymBol.otf', name='STIXSizeOneSym', style='normal', variant='normal', weight=700, stretch='normal', size='scalable')) = 11.335
DEBUG:matplotlib.font_manager:findfont: score(FontEntry(fname='/System/Library/Fonts/Supplemental/NotoSansMeroitic-Regular.ttf', name='Noto Sans Meroitic', style='normal', variant='normal', weight=400, stretch='normal', size='scalable')) = 11.05
DEBUG:matplotlib.font_manager:findfont: score(FontEntry(fname='/System/Library/AssetsV2/com_apple_MobileAsset_Font7/de97612eef4e3cf8ee8e5c0ebd6fd879bbecd23a.asset/AssetData/AppleLiGothic-Medium.ttf', name='Apple LiGothic', style='normal', variant='normal', weight=400, stretch='normal', size='scalable')) = 11.05
DEBUG:matplotlib.font_manager:findfont: score(FontEntry(fname='/System/Library/Fonts/Supplemental/NotoSerifYezidi-Regular.otf', name='Noto Serif Yezidi', style='normal', variant='normal', weight=400, stretch='normal', size='scalable')) = 11.05
DEBUG:matplotlib.font_manager:findfont: score(FontEntry(fname='/System/Library/Fonts/Supplemental/STIXSizFiveSymReg.otf', name='STIXSizeFiveSym', style='normal', variant='normal', weight=400, stretch='normal', size='scalable')) = 11.05
DEBUG:matplotlib.font_manager:findfont: score(FontEntry(fname='/System/Library/AssetsV2/com_apple_MobileAsset_Font7/a3f9a9e35bdf3babe03b2fd162051306fad439d6.asset/AssetData/Osaka.ttf', name='Osaka', style='normal', variant='normal', weight=400, stretch='normal', size='scalable')) = 11.05
DEBUG:matplotlib.font_manager:findfont: score(FontEntry(fname='/System/Library/Fonts/Supplemental/NotoSansCanadianAboriginal-Regular.otf', name='Noto Sans Canadian Aboriginal', style='normal', variant='normal', weight=400, stretch='normal', size='scalable')) = 11.05
DEBUG:matplotlib.font_manager:findfont: score(FontEntry(fname='/Library/Fonts/Arial Unicode.ttf', name='Arial Unicode MS', style='normal', variant='normal', weight=400, stretch='normal', size='scalable')) = 11.05
DEBUG:matplotlib.font_manager:findfont: score(FontEntry(fname='/System/Library/AssetsV2/com_apple_MobileAsset_Font7/ce3ca7cc88974b63ce2a6cda076d9974eff41c2e.asset/AssetData/NotoSerifKannada.ttc', name='Noto Serif Kannada', style='normal', variant='normal', weight=400, stretch='normal', size='scalable')) = 11.05
DEBUG:matplotlib.font_manager:findfont: score(FontEntry(fname='/System/Library/Fonts/HelveticaNeue.ttc', name='Helvetica Neue', style='normal', variant='normal', weight=400, stretch='normal', size='scalable')) = 11.05
DEBUG:matplotlib.font_manager:findfont: score(FontEntry(fname='/System/Library/Fonts/Supplemental/NotoSansSyriac-Regular.ttf', name='Noto Sans Syriac', style='normal', variant='normal', weight=400, stretch='normal', size='scalable')) = 11.05
DEBUG:matplotlib.font_manager:findfont: score(FontEntry(fname='/System/Library/AssetsV2/com_apple_MobileAsset_Font7/e97ef3d250bf28fb7f4395f864e436cd07166818.asset/AssetData/LavaTelugu.ttc', name='Lava Telugu', style='normal', variant='normal', weight=400, stretch='normal', size='scalable')) = 11.05
DEBUG:matplotlib.font_manager:findfont: score(FontEntry(fname='/System/Library/Fonts/Supplemental/Mishafi.ttf', name='Mishafi', style='normal', variant='normal', weight=400, stretch='normal', size='scalable')) = 11.05
DEBUG:matplotlib.font_manager:findfont: score(FontEntry(fname='/System/Library/Fonts/Supplemental/NotoSansSylotiNagri-Regular.ttf', name='Noto Sans Syloti Nagri', style='normal', variant='normal', weight=400, stretch='normal', size='scalable')) = 11.05
DEBUG:matplotlib.font_manager:findfont: score(FontEntry(fname='/System/Library/Fonts/Supplemental/NotoSansJavanese-Regular.otf', name='Noto Sans Javanese', style='normal', variant='normal', weight=400, stretch='normal', size='scalable')) = 11.05
DEBUG:matplotlib.font_manager:findfont: score(FontEntry(fname='/System/Library/Fonts/Supplemental/Shree714.ttc', name='Shree Devanagari 714', style='normal', variant='normal', weight=400, stretch='normal', size='scalable')) = 11.05
DEBUG:matplotlib.font_manager:findfont: score(FontEntry(fname='/System/Library/Fonts/SFNSMonoItalic.ttf', name='.SF NS Mono', style='italic', variant='normal', weight=295, stretch='normal', size='scalable')) = 10.14975
DEBUG:matplotlib.font_manager:findfont: score(FontEntry(fname='/System/Library/Fonts/Noteworthy.ttc', name='Noteworthy', style='normal', variant='normal', weight=300, stretch='normal', size='scalable')) = 11.145
DEBUG:matplotlib.font_manager:findfont: score(FontEntry(fname='/System/Library/AssetsV2/com_apple_MobileAsset_Font7/9fa3dd293157a9cbef8a68aadd2220f01153c564.asset/AssetData/SamaGujarati.ttc', name='Sama Gujarati', style='normal', variant='normal', weight=400, stretch='normal', size='scalable')) = 11.05
DEBUG:matplotlib.font_manager:findfont: score(FontEntry(fname='/System/Library/AssetsV2/com_apple_MobileAsset_Font7/61787c319c1b3c6b58cf3b7be6a78ab8f09610b0.asset/AssetData/LavaDevanagari.ttc', name='Lava Devanagari', style='normal', variant='normal', weight=400, stretch='normal', size='scalable')) = 11.05
DEBUG:matplotlib.font_manager:findfont: score(FontEntry(fname='/System/Library/Fonts/Supplemental/NotoSerifAhom-Regular.ttf', name='Noto Serif Ahom', style='normal', variant='normal', weight=400, stretch='normal', size='scalable')) = 11.05
DEBUG:matplotlib.font_manager:findfont: score(FontEntry(fname='/System/Library/Fonts/Supplemental/Herculanum.ttf', name='Herculanum', style='normal', variant='normal', weight=400, stretch='normal', size='scalable')) = 11.05
DEBUG:matplotlib.font_manager:findfont: score(FontEntry(fname='/System/Library/AssetsV2/com_apple_MobileAsset_Font7/9fdda46cbe802833590494a09b2787378340c597.asset/AssetData/Hanzipen.ttc', name='HanziPen SC', style='normal', variant='normal', weight=400, stretch='normal', size='scalable')) = 11.05
DEBUG:matplotlib.font_manager:findfont: score(FontEntry(fname='/System/Library/Fonts/Supplemental/NotoSansPauCinHau-Regular.ttf', name='Noto Sans Pau Cin Hau', style='normal', variant='normal', weight=400, stretch='normal', size='scalable')) = 11.05
DEBUG:matplotlib.font_manager:findfont: score(FontEntry(fname='/System/Library/Fonts/Supplemental/STIXGeneralBolIta.otf', name='STIXGeneral', style='italic', variant='normal', weight=700, stretch='normal', size='scalable')) = 10.335
DEBUG:matplotlib.font_manager:findfont: score(FontEntry(fname='/System/Library/Fonts/Supplemental/STIXVar.otf', name='STIXVariants', style='normal', variant='normal', weight=400, stretch='normal', size='scalable')) = 11.05
DEBUG:matplotlib.font_manager:findfont: score(FontEntry(fname='/System/Library/Fonts/Supplemental/Iowan Old Style.ttc', name='Iowan Old Style', style='normal', variant='normal', weight=400, stretch='normal', size='scalable')) = 11.05
DEBUG:matplotlib.font_manager:findfont: score(FontEntry(fname='/System/Library/AssetsV2/com_apple_MobileAsset_Font7/f110a45f1759f86c645cfd2f47baba57aa50056e.asset/AssetData/Klee.ttc', name='Klee', style='normal', variant='normal', weight=600, stretch='normal', size='scalable')) = 11.24
DEBUG:matplotlib.font_manager:findfont: score(FontEntry(fname='/System/Library/Fonts/Supplemental/Courier New Bold Italic.ttf', name='Courier New', style='italic', variant='normal', weight=700, stretch='normal', size='scalable')) = 10.335
DEBUG:matplotlib.font_manager:findfont: score(FontEntry(fname='/System/Library/AssetsV2/com_apple_MobileAsset_Font7/54476f0fabbd6ca1ab2a0c4d19219232acfe366c.asset/AssetData/ChakraPetch.ttc', name='Chakra Petch', style='normal', variant='normal', weight=400, stretch='normal', size='scalable')) = 11.05
DEBUG:matplotlib.font_manager:findfont: score(FontEntry(fname='/System/Library/AssetsV2/com_apple_MobileAsset_Font7/aa99d0b2bad7f797f38b49d46cde28fd4b58876e.asset/AssetData/Xingkai.ttc', name='Xingkai SC', style='normal', variant='normal', weight=700, stretch='normal', size='scalable')) = 11.335
DEBUG:matplotlib.font_manager:findfont: score(FontEntry(fname='/System/Library/Fonts/Supplemental/Microsoft Sans Serif.ttf', name='Microsoft Sans Serif', style='normal', variant='normal', weight=400, stretch='normal', size='scalable')) = 11.05
DEBUG:matplotlib.font_manager:findfont: score(FontEntry(fname='/System/Library/Fonts/Supplemental/Myanmar MN.ttc', name='Myanmar MN', style='normal', variant='normal', weight=400, stretch='normal', size='scalable')) = 11.05
DEBUG:matplotlib.font_manager:findfont: score(FontEntry(fname='/System/Library/Fonts/Supplemental/Corsiva.ttc', name='Corsiva Hebrew', style='normal', variant='normal', weight=400, stretch='normal', size='scalable')) = 11.05
DEBUG:matplotlib.font_manager:findfont: score(FontEntry(fname='/System/Library/Fonts/Supplemental/Gurmukhi.ttf', name='Gurmukhi MT', style='normal', variant='normal', weight=500, stretch='normal', size='scalable')) = 11.145
DEBUG:matplotlib.font_manager:findfont: score(FontEntry(fname='/System/Library/Fonts/SFArabic.ttf', name='.SF Arabic', style='normal', variant='normal', weight=400, stretch='normal', size='scalable')) = 11.05
DEBUG:matplotlib.font_manager:findfont: score(FontEntry(fname='/System/Library/Fonts/SFNSRounded.ttf', name='.SF NS Rounded', style='normal', variant='normal', weight=400, stretch='normal', size='scalable')) = 11.05
DEBUG:matplotlib.font_manager:findfont: score(FontEntry(fname='/System/Library/Fonts/Supplemental/Farah.ttc', name='Farah', style='normal', variant='normal', weight=400, stretch='normal', size='scalable')) = 11.05
DEBUG:matplotlib.font_manager:findfont: score(FontEntry(fname='/System/Library/Fonts/Supplemental/Tahoma.ttf', name='Tahoma', style='normal', variant='normal', weight=400, stretch='normal', size='scalable')) = 11.05
DEBUG:matplotlib.font_manager:findfont: score(FontEntry(fname='/System/Library/AssetsV2/com_apple_MobileAsset_Font7/5fb3a06cb28690aa74109ccf9fddce32d1dea4c9.asset/AssetData/JainiPurvaDevanagari-Regular.ttf', name='Jaini Purva', style='normal', variant='normal', weight=400, stretch='normal', size='scalable')) = 11.05
DEBUG:matplotlib.font_manager:findfont: score(FontEntry(fname='/System/Library/Fonts/Supplemental/Comic Sans MS.ttf', name='Comic Sans MS', style='normal', variant='normal', weight=400, stretch='normal', size='scalable')) = 11.05
DEBUG:matplotlib.font_manager:findfont: score(FontEntry(fname='/System/Library/Fonts/Supplemental/NotoSansNabataean-Regular.ttf', name='Noto Sans Nabataean', style='normal', variant='normal', weight=400, stretch='normal', size='scalable')) = 11.05
DEBUG:matplotlib.font_manager:findfont: score(FontEntry(fname='/System/Library/Fonts/Supplemental/Galvji.ttc', name='Galvji', style='normal', variant='normal', weight=400, stretch='normal', size='scalable')) = 11.05
DEBUG:matplotlib.font_manager:findfont: score(FontEntry(fname='/System/Library/Fonts/NotoSansOriya.ttc', name='Noto Sans Oriya', style='normal', variant='normal', weight=400, stretch='normal', size='scalable')) = 11.05
DEBUG:matplotlib.font_manager:findfont: score(FontEntry(fname='/System/Library/Fonts/Supplemental/AppleMyungjo.ttf', name='AppleMyungjo', style='normal', variant='normal', weight=400, stretch='normal', size='scalable')) = 11.05
DEBUG:matplotlib.font_manager:findfont: score(FontEntry(fname='/System/Library/AssetsV2/com_apple_MobileAsset_Font7/b934aea5f09dbd97182321d27b0e1bbb7e1abf9a.asset/AssetData/Baloo-Devanagari.ttc', name='Baloo 2', style='normal', variant='normal', weight=400, stretch='normal', size='scalable')) = 11.05
DEBUG:matplotlib.font_manager:findfont: score(FontEntry(fname='/System/Library/Fonts/Supplemental/NotoSansCoptic-Regular.ttf', name='Noto Sans Coptic', style='normal', variant='normal', weight=400, stretch='normal', size='scalable')) = 11.05
DEBUG:matplotlib.font_manager:findfont: score(FontEntry(fname='/System/Library/Fonts/Supplemental/NotoSansLinearA-Regular.ttf', name='Noto Sans Linear A', style='normal', variant='normal', weight=400, stretch='normal', size='scalable')) = 11.05
DEBUG:matplotlib.font_manager:findfont: score(FontEntry(fname='/System/Library/AssetsV2/com_apple_MobileAsset_Font7/7278ac2566252649b05c5a2b07c7d45be59f47c5.asset/AssetData/Libian.ttc', name='Libian SC', style='normal', variant='normal', weight=400, stretch='normal', size='scalable')) = 11.05
DEBUG:matplotlib.font_manager:findfont: score(FontEntry(fname='/System/Library/Fonts/Supplemental/STIXIntSmReg.otf', name='STIXIntegralsSm', style='normal', variant='normal', weight=400, stretch='normal', size='scalable')) = 11.05
DEBUG:matplotlib.font_manager:findfont: score(FontEntry(fname='/System/Library/Fonts/ヒラギノ丸ゴ ProN W4.ttc', name='Hiragino Maru Gothic Pro', style='normal', variant='normal', weight=400, stretch='normal', size='scalable')) = 11.05
DEBUG:matplotlib.font_manager:findfont: score(FontEntry(fname='/System/Library/Fonts/Supplemental/SuperClarendon.ttc', name='Superclarendon', style='normal', variant='normal', weight=400, stretch='normal', size='scalable')) = 11.05
DEBUG:matplotlib.font_manager:findfont: score(FontEntry(fname='/System/Library/AssetsV2/com_apple_MobileAsset_Font7/bb1b210553461ff7461985eba104f3f3bcd701b3.asset/AssetData/JainiDevanagari-Regular.ttf', name='Jaini', style='normal', variant='normal', weight=400, stretch='normal', size='scalable')) = 11.05
DEBUG:matplotlib.font_manager:findfont: score(FontEntry(fname='/System/Library/Fonts/Supplemental/NotoSansTaiViet-Regular.ttf', name='Noto Sans Tai Viet', style='normal', variant='normal', weight=400, stretch='normal', size='scalable')) = 11.05
DEBUG:matplotlib.font_manager:findfont: score(FontEntry(fname='/System/Library/AssetsV2/com_apple_MobileAsset_Font7/f879347736afb6e4e0880bcede9df92492c0f040.asset/AssetData/Gungseouche.ttf', name='GungSeo', style='normal', variant='normal', weight=400, stretch='normal', size='scalable')) = 11.05
DEBUG:matplotlib.font_manager:findfont: score(FontEntry(fname='/System/Library/Fonts/Supplemental/NotoSansBhaiksuki-Regular.ttf', name='Noto Sans Bhaiksuki', style='normal', variant='normal', weight=400, stretch='normal', size='scalable')) = 11.05
DEBUG:matplotlib.font_manager:findfont: score(FontEntry(fname='/System/Library/Fonts/Supplemental/Times New Roman Bold Italic.ttf', name='Times New Roman', style='italic', variant='normal', weight=700, stretch='normal', size='scalable')) = 10.335
DEBUG:matplotlib.font_manager:findfont: score(FontEntry(fname='/System/Library/AssetsV2/com_apple_MobileAsset_Font7/938fc4f0524ec9f143f1b39a4e63ff9585298376.asset/AssetData/ToppanBunkyuMidashiGothicStdN-ExtraBold.otf', name='Toppan Bunkyu Midashi Gothic', style='normal', variant='normal', weight=900, stretch='normal', size='scalable')) = 11.525
DEBUG:matplotlib.font_manager:findfont: score(FontEntry(fname='/System/Library/AssetsV2/com_apple_MobileAsset_Font7/5a3fc034b64879656271c040cab38b65d4ea6548.asset/AssetData/LiSongPro.ttf', name='LiSong Pro', style='normal', variant='normal', weight=400, stretch='normal', size='scalable')) = 11.05
DEBUG:matplotlib.font_manager:findfont: score(FontEntry(fname='/System/Library/Fonts/Supplemental/Futura.ttc', name='Futura', style='normal', variant='normal', weight=500, stretch='normal', size='scalable')) = 11.145
DEBUG:matplotlib.font_manager:findfont: score(FontEntry(fname='/System/Library/Fonts/Supplemental/NotoSansAvestan-Regular.ttf', name='Noto Sans Avestan', style='normal', variant='normal', weight=400, stretch='normal', size='scalable')) = 11.05
DEBUG:matplotlib.font_manager:findfont: score(FontEntry(fname='/System/Library/AssetsV2/com_apple_MobileAsset_Font7/06d2de4211adb0791d22b2c807659e51122f5fbf.asset/AssetData/CambayDevanagari.ttc', name='Cambay Devanagari', style='normal', variant='normal', weight=400, stretch='normal', size='scalable')) = 11.05
DEBUG:matplotlib.font_manager:findfont: score(FontEntry(fname='/System/Library/AssetsV2/com_apple_MobileAsset_Font7/cd59971ded42add9070aa2172265ba7fcf8d9327.asset/AssetData/BMKirangHaerang-Regular.otf', name='BM Kirang Haerang', style='normal', variant='normal', weight=400, stretch='normal', size='scalable')) = 11.05
DEBUG:matplotlib.font_manager:findfont: score(FontEntry(fname='/System/Library/Fonts/Supplemental/NotoSansChakma-Regular.ttf', name='Noto Sans Chakma', style='normal', variant='normal', weight=400, stretch='normal', size='scalable')) = 11.05
DEBUG:matplotlib.font_manager:findfont: score(FontEntry(fname='/System/Library/Fonts/Supplemental/Oriya Sangam MN.ttc', name='Oriya Sangam MN', style='normal', variant='normal', weight=400, stretch='normal', size='scalable')) = 11.05
DEBUG:matplotlib.font_manager:findfont: score(FontEntry(fname='/System/Library/AssetsV2/com_apple_MobileAsset_Font7/8dc7805506cc9f233dcc19aabf593196842a47ae.asset/AssetData/Hannotate.ttc', name='Hannotate SC', style='normal', variant='normal', weight=400, stretch='normal', size='scalable')) = 11.05
DEBUG:matplotlib.font_manager:findfont: score(FontEntry(fname='/System/Library/Fonts/Supplemental/Savoye LET.ttc', name='Savoye LET', style='normal', variant='normal', weight=400, stretch='normal', size='scalable')) = 11.05
DEBUG:matplotlib.font_manager:findfont: score(FontEntry(fname='/System/Library/Fonts/ヒラギノ角ゴシック W1.ttc', name='Hiragino Sans', style='normal', variant='normal', weight=200, stretch='normal', size='scalable')) = 11.24
DEBUG:matplotlib.font_manager:findfont: score(FontEntry(fname='/System/Library/Fonts/Supplemental/Lao Sangam MN.ttf', name='Lao Sangam MN', style='normal', variant='normal', weight=400, stretch='normal', size='scalable')) = 11.05
DEBUG:matplotlib.font_manager:findfont: score(FontEntry(fname='/System/Library/Fonts/Supplemental/NotoSansRejang-Regular.ttf', name='Noto Sans Rejang', style='normal', variant='normal', weight=400, stretch='normal', size='scalable')) = 11.05
DEBUG:matplotlib.font_manager:findfont: score(FontEntry(fname='/System/Library/Fonts/Supplemental/Copperplate.ttc', name='Copperplate', style='normal', variant='normal', weight=400, stretch='normal', size='scalable')) = 11.05
DEBUG:matplotlib.font_manager:findfont: score(FontEntry(fname='/System/Library/Fonts/Supplemental/AlBayan.ttc', name='Al Bayan', style='normal', variant='normal', weight=400, stretch='normal', size='scalable')) = 11.05
DEBUG:matplotlib.font_manager:findfont: score(FontEntry(fname='/System/Library/Fonts/PingFang.ttc', name='PingFang HK', style='normal', variant='normal', weight=400, stretch='normal', size='scalable')) = 11.05
DEBUG:matplotlib.font_manager:findfont: score(FontEntry(fname='/System/Library/Fonts/Supplemental/NotoSansWancho-Regular.ttf', name='Noto Sans Wancho', style='normal', variant='normal', weight=400, stretch='normal', size='scalable')) = 11.05
DEBUG:matplotlib.font_manager:findfont: score(FontEntry(fname='/System/Library/Fonts/Supplemental/NotoSansOldSouthArabian-Regular.ttf', name='Noto Sans Old South Arabian', style='normal', variant='normal', weight=400, stretch='normal', size='scalable')) = 11.05
DEBUG:matplotlib.font_manager:findfont: score(FontEntry(fname='/System/Library/Fonts/Supplemental/Arial Rounded Bold.ttf', name='Arial Rounded MT Bold', style='normal', variant='normal', weight=400, stretch='normal', size='scalable')) = 11.05
DEBUG:matplotlib.font_manager:findfont: score(FontEntry(fname='/System/Library/AssetsV2/com_apple_MobileAsset_Font7/89b58ecc83406bd9b582b9bd9be380d5c47b317b.asset/AssetData/TiroGurmukhi.ttc', name='Tiro Gurmukhi', style='normal', variant='normal', weight=400, stretch='normal', size='scalable')) = 11.05
DEBUG:matplotlib.font_manager:findfont: score(FontEntry(fname='/System/Library/Fonts/Supplemental/Sathu.ttf', name='Sathu', style='normal', variant='normal', weight=400, stretch='normal', size='scalable')) = 11.05
DEBUG:matplotlib.font_manager:findfont: score(FontEntry(fname='/System/Library/Fonts/GeezaPro.ttc', name='Geeza Pro', style='normal', variant='normal', weight=400, stretch='normal', size='scalable')) = 11.05
DEBUG:matplotlib.font_manager:findfont: score(FontEntry(fname='/System/Library/AssetsV2/com_apple_MobileAsset_Font7/79115b675fbb31b036cc749efe17348bfe903880.asset/AssetData/LavaKannada.ttc', name='Lava Kannada', style='normal', variant='normal', weight=400, stretch='normal', size='scalable')) = 11.05
DEBUG:matplotlib.font_manager:findfont: score(FontEntry(fname='/System/Library/Fonts/AppleSDGothicNeo.ttc', name='Apple SD Gothic Neo', style='normal', variant='normal', weight=400, stretch='normal', size='scalable')) = 11.05
DEBUG:matplotlib.font_manager:findfont: score(FontEntry(fname='/System/Library/Fonts/Supplemental/Kannada Sangam MN.ttc', name='Kannada Sangam MN', style='normal', variant='normal', weight=400, stretch='normal', size='scalable')) = 11.05
DEBUG:matplotlib.font_manager:findfont: score(FontEntry(fname='/System/Library/Fonts/Supplemental/NotoSansLydian-Regular.ttf', name='Noto Sans Lydian', style='normal', variant='normal', weight=400, stretch='normal', size='scalable')) = 11.05
DEBUG:matplotlib.font_manager:findfont: score(FontEntry(fname='/System/Library/Fonts/SFCompactItalic.ttf', name='.SF Compact', style='italic', variant='normal', weight=1000, stretch='normal', size='scalable')) = 10.62
DEBUG:matplotlib.font_manager:findfont: score(FontEntry(fname='/System/Library/AssetsV2/com_apple_MobileAsset_Font7/9d609221be9203a6d0e55f5117ff76246f4200a7.asset/AssetData/Mali.ttc', name='Mali', style='normal', variant='normal', weight=400, stretch='normal', size='scalable')) = 11.05
DEBUG:matplotlib.font_manager:findfont: score(FontEntry(fname='/System/Library/Fonts/Monaco.ttf', name='Monaco', style='normal', variant='normal', weight=400, stretch='normal', size='scalable')) = 11.05
DEBUG:matplotlib.font_manager:findfont: score(FontEntry(fname='/System/Library/Fonts/Supplemental/Bodoni 72 Smallcaps Book.ttf', name='Bodoni 72 Smallcaps', style='normal', variant='normal', weight=400, stretch='normal', size='scalable')) = 11.05
DEBUG:matplotlib.font_manager:findfont: score(FontEntry(fname='/System/Library/Fonts/Supplemental/Ayuthaya.ttf', name='Ayuthaya', style='normal', variant='normal', weight=400, stretch='normal', size='scalable')) = 11.05
DEBUG:matplotlib.font_manager:findfont: score(FontEntry(fname='/System/Library/Fonts/Supplemental/NotoSansPsalterPahlavi-Regular.ttf', name='Noto Sans Psalter Pahlavi', style='normal', variant='normal', weight=400, stretch='normal', size='scalable')) = 11.05
DEBUG:matplotlib.font_manager:findfont: score(FontEntry(fname='/System/Library/AssetsV2/com_apple_MobileAsset_Font7/bff515501313f56409358f8994642696000d2dbc.asset/AssetData/Sarabun.ttc', name='Sarabun', style='normal', variant='normal', weight=400, stretch='normal', size='scalable')) = 11.05
DEBUG:matplotlib.font_manager:findfont: score(FontEntry(fname='/System/Library/Fonts/Supplemental/GillSans.ttc', name='Gill Sans', style='normal', variant='normal', weight=400, stretch='normal', size='scalable')) = 11.05
DEBUG:matplotlib.font_manager:findfont: score(FontEntry(fname='/System/Library/AssetsV2/com_apple_MobileAsset_Font7/e11e5aeb7967c50ca39eca475b77f36da411ca67.asset/AssetData/Katari.ttc', name='Katari', style='normal', variant='normal', weight=400, stretch='normal', size='scalable')) = 11.05
DEBUG:matplotlib.font_manager:findfont: score(FontEntry(fname='/System/Library/AssetsV2/com_apple_MobileAsset_Font7/6fe206600409e98dcd3e18af1427806070d0150f.asset/AssetData/ArimaKoshi.ttc', name='Arima Koshi', style='normal', variant='normal', weight=400, stretch='normal', size='scalable')) = 11.05
DEBUG:matplotlib.font_manager:findfont: score(FontEntry(fname='/System/Library/AssetsV2/com_apple_MobileAsset_Font7/3a9dbc8ddc8b85f43055a28fb5d551e905d43de2.asset/AssetData/LiHeiPro.ttf', name='LiHei Pro', style='normal', variant='normal', weight=400, stretch='normal', size='scalable')) = 11.05
DEBUG:matplotlib.font_manager:findfont: score(FontEntry(fname='/System/Library/Fonts/Kohinoor.ttc', name='Kohinoor Devanagari', style='normal', variant='normal', weight=400, stretch='normal', size='scalable')) = 11.05
DEBUG:matplotlib.font_manager:findfont: score(FontEntry(fname='/System/Library/Fonts/Supplemental/Beirut.ttc', name='Beirut', style='normal', variant='normal', weight=700, stretch='normal', size='scalable')) = 11.335
DEBUG:matplotlib.font_manager:findfont: score(FontEntry(fname='/System/Library/AssetsV2/com_apple_MobileAsset_Font7/5b0f0fa2e28e0396613acc33b1c0aa7e1e7358f2.asset/AssetData/SamaGurmukhi.ttc', name='Sama Gurmukhi', style='normal', variant='normal', weight=400, stretch='normal', size='scalable')) = 11.05
DEBUG:matplotlib.font_manager:findfont: score(FontEntry(fname='/System/Library/AssetsV2/com_apple_MobileAsset_Font7/eb257c12d1a51c8c661b89f30eec56cacf9b8987.asset/AssetData/STHEITI.ttf', name='STHeiti', style='normal', variant='normal', weight=400, stretch='normal', size='scalable')) = 11.05
DEBUG:matplotlib.font_manager:findfont: score(FontEntry(fname='/System/Library/Fonts/Supplemental/NotoSansMiao-Regular.ttf', name='Noto Sans Miao', style='normal', variant='normal', weight=400, stretch='normal', size='scalable')) = 11.05
DEBUG:matplotlib.font_manager:findfont: score(FontEntry(fname='/System/Library/Fonts/Supplemental/Oriya MN.ttc', name='Oriya MN', style='normal', variant='normal', weight=400, stretch='normal', size='scalable')) = 11.05
DEBUG:matplotlib.font_manager:findfont: score(FontEntry(fname='/System/Library/Fonts/Supplemental/STIXSizTwoSymReg.otf', name='STIXSizeTwoSym', style='normal', variant='normal', weight=400, stretch='normal', size='scalable')) = 11.05
DEBUG:matplotlib.font_manager:findfont: Matching sans\-serif:style=italic:variant=normal:weight=normal:stretch=normal:size=8.0 to DejaVu Sans ('/opt/homebrew/Caskroom/miniconda/base/envs/lh_abs/lib/python3.12/site-packages/matplotlib/mpl-data/fonts/ttf/DejaVuSans-Oblique.ttf') with score of 0.150000.
2025-04-22 17:36:24.013 python[67582:417216453] +[IMKClient subclass]: chose IMKClient_Modern
2025-04-22 17:36:24.013 python[67582:417216453] +[IMKInputSession subclass]: chose IMKInputSession_Modern

Agent-Based Simulation Summary Statistics:
{'num_patients': 2, 'mean_visits_per_patient': 8.0, 'mean_injections_per_patient': 8.0, 'mean_vision_change': np.float64(0.5351206239579547), 'vision_improved_percent': 0.0, 'vision_stable_percent': 100.0, 'vision_declined_percent': 0.0, 'vision_baseline_mean': 0, 'vision_baseline_std': 0, 'vision_final_mean': 0, 'vision_final_std': 0, 'treatment_interval_mean': 0, 'treatment_interval_std': 0, 'loading_phase_completion_rate': 0, 'time_to_first_improvement': None, 'vision_change_confidence_interval': (0, 0)}

Discrete Event Simulation Summary Statistics:
{'num_patients': 156, 'mean_visits_per_patient': 2.9166666666666665, 'mean_injections_per_patient': 1.3461538461538463, 'mean_vision_change': np.float64(0.030815841333847918), 'vision_improved_percent': 4.716981132075472, 'vision_stable_percent': 93.39622641509435, 'vision_declined_percent': 1.8867924528301887, 'vision_baseline_mean': 0, 'vision_baseline_std': 0, 'vision_final_mean': 0, 'vision_final_std': 0, 'treatment_interval_mean': 0, 'treatment_interval_std': 0, 'loading_phase_completion_rate': 0, 'time_to_first_improvement': None, 'vision_change_confidence_interval': (0, 0)}

Visualization files generated:
1. individual_simulation_results.png
2. mean_acuity_comparison.png