\BOOKMARK [1][-]{section.1}{\376\377\000L\000i\000t\000e\000r\000a\000t\000u\000r\000e\000\040\000R\000e\000v\000i\000e\000w\000\040\000o\000n\000\040\000A\000f\000l\000i\000b\000e\000r\000c\000e\000p\000t\000\040\000T\000r\000e\000a\000t\000m\000e\000n\000t\000\040\000f\000o\000r\000\040\000N\000e\000o\000v\000a\000s\000c\000u\000l\000a\000r\000\040\000A\000M\000D}{}% 1
\BOOKMARK [2][-]{subsection.1.1}{\376\377\000C\000l\000i\000n\000i\000c\000a\000l\000\040\000T\000r\000i\000a\000l\000\040\000E\000v\000i\000d\000e\000n\000c\000e}{section.1}% 2
\BOOKMARK [2][-]{subsection.1.2}{\376\377\000R\000e\000a\000l\000-\000W\000o\000r\000l\000d\000\040\000E\000f\000f\000e\000c\000t\000i\000v\000e\000n\000e\000s\000s}{section.1}% 3
\BOOKMARK [2][-]{subsection.1.3}{\376\377\000T\000r\000e\000a\000t\000m\000e\000n\000t\000\040\000D\000i\000s\000c\000o\000n\000t\000i\000n\000u\000a\000t\000i\000o\000n}{section.1}% 4
\BOOKMARK [2][-]{subsection.1.4}{\376\377\000C\000o\000m\000p\000a\000r\000a\000t\000i\000v\000e\000\040\000E\000f\000f\000e\000c\000t\000i\000v\000e\000n\000e\000s\000s}{section.1}% 5
\BOOKMARK [2][-]{subsection.1.5}{\376\377\000C\000o\000n\000c\000l\000u\000s\000i\000o\000n}{section.1}% 6
\BOOKMARK [1][-]{section.2}{\376\377\000M\000e\000t\000h\000o\000d\000s\000:\000\040\000C\000O\000V\000I\000D\000-\000E\000r\000a\000\040\000G\000a\000p\000\040\000A\000n\000a\000l\000y\000s\000i\000s}{}% 7
\BOOKMARK [2][-]{subsection.2.1}{\376\377\000D\000a\000t\000a\000\040\000S\000o\000u\000r\000c\000e\000\040\000a\000n\000d\000\040\000S\000t\000u\000d\000y\000\040\000P\000e\000r\000i\000o\000d}{section.2}% 8
\BOOKMARK [2][-]{subsection.2.2}{\376\377\000I\000n\000j\000e\000c\000t\000i\000o\000n\000\040\000I\000n\000t\000e\000r\000v\000a\000l\000\040\000A\000n\000a\000l\000y\000s\000i\000s}{section.2}% 9
\BOOKMARK [3][-]{subsubsection.2.2.1}{\376\377\000D\000a\000t\000a\000\040\000S\000t\000r\000u\000c\000t\000u\000r\000e}{subsection.2.2}% 10
\BOOKMARK [3][-]{subsubsection.2.2.2}{\376\377\000G\000a\000p\000\040\000C\000a\000t\000e\000g\000o\000r\000i\000z\000a\000t\000i\000o\000n}{subsection.2.2}% 11
\BOOKMARK [2][-]{subsection.2.3}{\376\377\000V\000i\000s\000u\000a\000l\000\040\000A\000c\000u\000i\000t\000y\000\040\000I\000m\000p\000a\000c\000t\000\040\000A\000s\000s\000e\000s\000s\000m\000e\000n\000t}{section.2}% 12
\BOOKMARK [2][-]{subsection.2.4}{\376\377\000R\000e\000c\000o\000v\000e\000r\000y\000\040\000P\000a\000t\000t\000e\000r\000n\000\040\000A\000n\000a\000l\000y\000s\000i\000s}{section.2}% 13
\BOOKMARK [2][-]{subsection.2.5}{\376\377\000C\000l\000i\000n\000i\000c\000a\000l\000\040\000D\000e\000c\000i\000s\000i\000o\000n\000\040\000A\000n\000a\000l\000y\000s\000i\000s}{section.2}% 14
\BOOKMARK [2][-]{subsection.2.6}{\376\377\000S\000t\000a\000t\000i\000s\000t\000i\000c\000a\000l\000\040\000M\000e\000t\000h\000o\000d\000s}{section.2}% 15
\BOOKMARK [3][-]{subsubsection.2.6.1}{\376\377\000D\000e\000s\000c\000r\000i\000p\000t\000i\000v\000e\000\040\000S\000t\000a\000t\000i\000s\000t\000i\000c\000s}{subsection.2.6}% 16
\BOOKMARK [3][-]{subsubsection.2.6.2}{\376\377\000R\000i\000s\000k\000\040\000Q\000u\000a\000n\000t\000i\000f\000i\000c\000a\000t\000i\000o\000n}{subsection.2.6}% 17
\BOOKMARK [3][-]{subsubsection.2.6.3}{\376\377\000T\000i\000m\000e\000-\000D\000e\000p\000e\000n\000d\000e\000n\000t\000\040\000A\000n\000a\000l\000y\000s\000i\000s}{subsection.2.6}% 18
\BOOKMARK [2][-]{subsection.2.7}{\376\377\000C\000l\000i\000n\000i\000c\000a\000l\000\040\000R\000e\000a\000s\000o\000n\000i\000n\000g\000\040\000C\000a\000t\000e\000g\000o\000r\000i\000z\000a\000t\000i\000o\000n}{section.2}% 19
\BOOKMARK [2][-]{subsection.2.8}{\376\377\000E\000t\000h\000i\000c\000a\000l\000\040\000C\000o\000n\000s\000i\000d\000e\000r\000a\000t\000i\000o\000n\000s}{section.2}% 20
\BOOKMARK [1][-]{section.3}{\376\377\000P\000a\000r\000a\000m\000e\000t\000e\000r\000\040\000E\000x\000t\000r\000a\000c\000t\000i\000o\000n\000\040\000a\000n\000d\000\040\000S\000i\000m\000u\000l\000a\000t\000i\000o\000n\000\040\000F\000r\000a\000m\000e\000w\000o\000r\000k}{}% 21
\BOOKMARK [2][-]{subsection.3.1}{\376\377\000M\000e\000t\000h\000o\000d\000o\000l\000o\000g\000y\000\040\000f\000o\000r\000\040\000P\000a\000r\000a\000m\000e\000t\000e\000r\000\040\000E\000x\000t\000r\000a\000c\000t\000i\000o\000n}{section.3}% 22
\BOOKMARK [2][-]{subsection.3.2}{\376\377\000D\000i\000s\000e\000a\000s\000e\000\040\000S\000t\000a\000t\000e\000\040\000D\000e\000f\000i\000n\000i\000t\000i\000o\000n\000s}{section.3}% 23
\BOOKMARK [2][-]{subsection.3.3}{\376\377\000K\000e\000y\000\040\000P\000a\000r\000a\000m\000e\000t\000e\000r\000s\000\040\000f\000o\000r\000\040\000S\000i\000m\000u\000l\000a\000t\000i\000o\000n}{section.3}% 24
\BOOKMARK [2][-]{subsection.3.4}{\376\377\000P\000a\000r\000a\000m\000e\000t\000e\000r\000\040\000I\000n\000t\000e\000g\000r\000a\000t\000i\000o\000n\000\040\000A\000p\000p\000r\000o\000a\000c\000h}{section.3}% 25
\BOOKMARK [2][-]{subsection.3.5}{\376\377\000S\000i\000m\000u\000l\000a\000t\000i\000o\000n\000\040\000I\000m\000p\000l\000e\000m\000e\000n\000t\000a\000t\000i\000o\000n}{section.3}% 26
\BOOKMARK [1][-]{section.4}{\376\377\000P\000a\000r\000a\000m\000e\000t\000e\000r\000\040\000S\000y\000n\000t\000h\000e\000s\000i\000s\000\040\000f\000r\000o\000m\000\040\000M\000u\000l\000t\000i\000p\000l\000e\000\040\000E\000v\000i\000d\000e\000n\000c\000e\000\040\000S\000o\000u\000r\000c\000e\000s}{}% 27
\BOOKMARK [2][-]{subsection.4.1}{\376\377\000O\000v\000e\000r\000v\000i\000e\000w}{section.4}% 28
\BOOKMARK [2][-]{subsection.4.2}{\376\377\000E\000v\000i\000d\000e\000n\000c\000e\000\040\000H\000i\000e\000r\000a\000r\000c\000h\000y\000\040\000a\000n\000d\000\040\000D\000a\000t\000a\000\040\000S\000o\000u\000r\000c\000e\000s}{section.4}% 29
\BOOKMARK [2][-]{subsection.4.3}{\376\377\000V\000i\000s\000u\000a\000l\000\040\000A\000c\000u\000i\000t\000y\000\040\000O\000u\000t\000c\000o\000m\000e\000s\000:\000\040\000R\000C\000T\000\040\000v\000e\000r\000s\000u\000s\000\040\000R\000e\000a\000l\000-\000W\000o\000r\000l\000d}{section.4}% 30
\BOOKMARK [2][-]{subsection.4.4}{\376\377\000D\000i\000s\000e\000a\000s\000e\000\040\000S\000t\000a\000t\000e\000\040\000T\000r\000a\000n\000s\000i\000t\000i\000o\000n\000\040\000M\000o\000d\000e\000l\000i\000n\000g}{section.4}% 31
\BOOKMARK [2][-]{subsection.4.5}{\376\377\000T\000r\000e\000a\000t\000m\000e\000n\000t\000\040\000P\000r\000o\000t\000o\000c\000o\000l\000\040\000V\000a\000r\000i\000a\000t\000i\000o\000n\000s}{section.4}% 32
\BOOKMARK [2][-]{subsection.4.6}{\376\377\000G\000a\000p\000\040\000C\000o\000n\000s\000e\000q\000u\000e\000n\000c\000e\000\040\000Q\000u\000a\000n\000t\000i\000f\000i\000c\000a\000t\000i\000o\000n}{section.4}% 33
\BOOKMARK [2][-]{subsection.4.7}{\376\377\000R\000e\000c\000o\000v\000e\000r\000y\000\040\000P\000a\000t\000t\000e\000r\000n\000s\000\040\000P\000o\000s\000t\000-\000G\000a\000p}{section.4}% 34
\BOOKMARK [2][-]{subsection.4.8}{\376\377\000P\000o\000p\000u\000l\000a\000t\000i\000o\000n\000-\000S\000p\000e\000c\000i\000f\000i\000c\000\040\000C\000o\000n\000s\000i\000d\000e\000r\000a\000t\000i\000o\000n\000s}{section.4}% 35
\BOOKMARK [2][-]{subsection.4.9}{\376\377\000I\000n\000t\000e\000g\000r\000a\000t\000e\000d\000\040\000P\000a\000r\000a\000m\000e\000t\000e\000r\000\040\000M\000o\000d\000e\000l}{section.4}% 36
\BOOKMARK [2][-]{subsection.4.10}{\376\377\000V\000a\000l\000i\000d\000a\000t\000i\000o\000n\000\040\000A\000p\000p\000r\000o\000a\000c\000h}{section.4}% 37
\BOOKMARK [2][-]{subsection.4.11}{\376\377\000I\000m\000p\000l\000i\000c\000a\000t\000i\000o\000n\000s\000\040\000f\000o\000r\000\040\000S\000i\000m\000u\000l\000a\000t\000i\000o\000n}{section.4}% 38
\BOOKMARK [2][-]{subsection.4.12}{\376\377\000P\000r\000e\000m\000a\000t\000u\000r\000e\000\040\000D\000i\000s\000c\000o\000n\000t\000i\000n\000u\000a\000t\000i\000o\000n\000\040\000A\000n\000a\000l\000y\000s\000i\000s}{section.4}% 39
\BOOKMARK [3][-]{subsubsection.4.12.1}{\376\377\000M\000e\000t\000h\000o\000d\000o\000l\000o\000g\000y}{subsection.4.12}% 40
\BOOKMARK [3][-]{subsubsection.4.12.2}{\376\377\000K\000e\000y\000\040\000F\000i\000n\000d\000i\000n\000g\000s}{subsection.4.12}% 41
\BOOKMARK [3][-]{subsubsection.4.12.3}{\376\377\000I\000m\000p\000l\000e\000m\000e\000n\000t\000a\000t\000i\000o\000n\000\040\000i\000n\000\040\000S\000i\000m\000u\000l\000a\000t\000i\000o\000n}{subsection.4.12}% 42
\BOOKMARK [1][-]{section.5}{\376\377\000D\000i\000s\000c\000o\000v\000e\000r\000y\000\040\000o\000f\000\040\000I\000n\000a\000p\000p\000r\000o\000p\000r\000i\000a\000t\000e\000\040\000C\000l\000i\000n\000i\000c\000a\000l\000\040\000D\000i\000s\000c\000o\000n\000t\000i\000n\000u\000a\000t\000i\000o\000n\000\040\000P\000a\000t\000t\000e\000r\000n\000s}{}% 43
\BOOKMARK [2][-]{subsection.5.1}{\376\377\000B\000a\000c\000k\000g\000r\000o\000u\000n\000d}{section.5}% 44
\BOOKMARK [2][-]{subsection.5.2}{\376\377\000M\000e\000t\000h\000o\000d\000s}{section.5}% 45
\BOOKMARK [2][-]{subsection.5.3}{\376\377\000R\000e\000s\000u\000l\000t\000s}{section.5}% 46
\BOOKMARK [3][-]{subsubsection.5.3.1}{\376\377\000O\000v\000e\000r\000a\000l\000l\000\040\000D\000i\000s\000c\000o\000n\000t\000i\000n\000u\000a\000t\000i\000o\000n\000\040\000P\000a\000t\000t\000e\000r\000n\000s}{subsection.5.3}% 47
\BOOKMARK [3][-]{subsubsection.5.3.2}{\376\377\000C\000a\000t\000e\000g\000o\000r\000i\000e\000s\000\040\000o\000f\000\040\000C\000l\000i\000n\000i\000c\000a\000l\000\040\000M\000i\000s\000u\000n\000d\000e\000r\000s\000t\000a\000n\000d\000i\000n\000g}{subsection.5.3}% 48
\BOOKMARK [3][-]{subsubsection.5.3.3}{\376\377\000V\000i\000s\000u\000a\000l\000\040\000A\000c\000u\000i\000t\000y\000\040\000a\000n\000d\000\040\000D\000i\000s\000c\000o\000n\000t\000i\000n\000u\000a\000t\000i\000o\000n\000\040\000R\000i\000s\000k}{subsection.5.3}% 49
\BOOKMARK [3][-]{subsubsection.5.3.4}{\376\377\000T\000i\000m\000e\000-\000B\000a\000s\000e\000d\000\040\000D\000i\000s\000c\000o\000n\000t\000i\000n\000u\000a\000t\000i\000o\000n\000\040\000P\000a\000t\000t\000e\000r\000n\000s}{subsection.5.3}% 50
\BOOKMARK [3][-]{subsubsection.5.3.5}{\376\377\000C\000o\000m\000p\000a\000r\000i\000s\000o\000n\000\040\000w\000i\000t\000h\000\040\000E\000x\000t\000e\000r\000n\000a\000l\000\040\000G\000a\000p\000s}{subsection.5.3}% 51
\BOOKMARK [2][-]{subsection.5.4}{\376\377\000C\000l\000i\000n\000i\000c\000a\000l\000\040\000I\000m\000p\000l\000i\000c\000a\000t\000i\000o\000n\000s}{section.5}% 52
\BOOKMARK [3][-]{subsubsection.5.4.1}{\376\377\000E\000d\000u\000c\000a\000t\000i\000o\000n\000\040\000P\000r\000i\000o\000r\000i\000t\000i\000e\000s}{subsection.5.4}% 53
\BOOKMARK [3][-]{subsubsection.5.4.2}{\376\377\000R\000i\000s\000k\000\040\000S\000t\000r\000a\000t\000i\000f\000i\000c\000a\000t\000i\000o\000n}{subsection.5.4}% 54
\BOOKMARK [2][-]{subsection.5.5}{\376\377\000M\000o\000d\000e\000l\000i\000n\000g\000\040\000I\000m\000p\000l\000i\000c\000a\000t\000i\000o\000n\000s}{section.5}% 55
\BOOKMARK [2][-]{subsection.5.6}{\376\377\000L\000i\000m\000i\000t\000a\000t\000i\000o\000n\000s}{section.5}% 56
\BOOKMARK [2][-]{subsection.5.7}{\376\377\000C\000o\000n\000c\000l\000u\000s\000i\000o\000n\000s}{section.5}% 57
\BOOKMARK [1][-]{section.6}{\376\377\000B\000a\000s\000e\000l\000i\000n\000e\000\040\000V\000i\000s\000u\000a\000l\000\040\000A\000c\000u\000i\000t\000y\000\040\000A\000n\000a\000l\000y\000s\000i\000s}{}% 58
\BOOKMARK [2][-]{subsection.6.1}{\376\377\000D\000i\000s\000t\000r\000i\000b\000u\000t\000i\000o\000n\000\040\000o\000f\000\040\000T\000r\000e\000a\000t\000m\000e\000n\000t\000-\000N\000a\000\357\000v\000e\000\040\000V\000i\000s\000u\000a\000l\000\040\000A\000c\000u\000i\000t\000y}{section.6}% 59
\BOOKMARK [2][-]{subsection.6.2}{\376\377\000K\000e\000y\000\040\000S\000t\000a\000t\000i\000s\000t\000i\000c\000a\000l\000\040\000F\000i\000n\000d\000i\000n\000g\000s}{section.6}% 60
\BOOKMARK [2][-]{subsection.6.3}{\376\377\000V\000i\000s\000u\000a\000l\000\040\000A\000c\000u\000i\000t\000y\000\040\000S\000t\000r\000a\000t\000i\000f\000i\000c\000a\000t\000i\000o\000n}{section.6}% 61
\BOOKMARK [2][-]{subsection.6.4}{\376\377\000T\000r\000e\000a\000t\000m\000e\000n\000t\000\040\000E\000l\000i\000g\000i\000b\000i\000l\000i\000t\000y\000\040\000T\000h\000r\000e\000s\000h\000o\000l\000d\000\040\000E\000f\000f\000e\000c\000t}{section.6}% 62
\BOOKMARK [2][-]{subsection.6.5}{\376\377\000P\000e\000r\000c\000e\000n\000t\000i\000l\000e\000\040\000A\000n\000a\000l\000y\000s\000i\000s}{section.6}% 63
\BOOKMARK [2][-]{subsection.6.6}{\376\377\000I\000m\000p\000l\000i\000c\000a\000t\000i\000o\000n\000s\000\040\000f\000o\000r\000\040\000V\000i\000s\000i\000o\000n\000\040\000C\000h\000a\000n\000g\000e\000\040\000M\000o\000d\000e\000l\000s}{section.6}% 64
\BOOKMARK [1][-]{section.7}{\376\377\000M\000o\000r\000t\000a\000l\000i\000t\000y\000\040\000E\000s\000t\000i\000m\000a\000t\000i\000o\000n\000\040\000f\000r\000o\000m\000\040\000R\000e\000a\000l\000-\000W\000o\000r\000l\000d\000\040\000D\000a\000t\000a}{}% 65
\BOOKMARK [2][-]{subsection.7.1}{\376\377\000O\000v\000e\000r\000v\000i\000e\000w}{section.7}% 66
\BOOKMARK [2][-]{subsection.7.2}{\376\377\000D\000a\000t\000a\000\040\000S\000o\000u\000r\000c\000e\000\040\000a\000n\000d\000\040\000P\000a\000t\000i\000e\000n\000t\000\040\000P\000o\000p\000u\000l\000a\000t\000i\000o\000n}{section.7}% 67
\BOOKMARK [2][-]{subsection.7.3}{\376\377\000M\000o\000r\000t\000a\000l\000i\000t\000y\000\040\000R\000a\000t\000e\000\040\000C\000a\000l\000c\000u\000l\000a\000t\000i\000o\000n}{section.7}% 68
\BOOKMARK [3][-]{subsubsection.7.3.1}{\376\377\000C\000u\000m\000u\000l\000a\000t\000i\000v\000e\000\040\000M\000o\000r\000t\000a\000l\000i\000t\000y}{subsection.7.3}% 69
\BOOKMARK [3][-]{subsubsection.7.3.2}{\376\377\000A\000n\000n\000u\000a\000l\000i\000s\000e\000d\000\040\000M\000o\000r\000t\000a\000l\000i\000t\000y\000\040\000R\000a\000t\000e}{subsection.7.3}% 70
\BOOKMARK [3][-]{subsubsection.7.3.3}{\376\377\000P\000a\000t\000i\000e\000n\000t\000-\000Y\000e\000a\000r\000\040\000A\000n\000a\000l\000y\000s\000i\000s}{subsection.7.3}% 71
\BOOKMARK [2][-]{subsection.7.4}{\376\377\000M\000o\000r\000t\000a\000l\000i\000t\000y\000\040\000b\000y\000\040\000T\000r\000e\000a\000t\000m\000e\000n\000t\000\040\000C\000o\000n\000t\000i\000n\000u\000i\000t\000y}{section.7}% 72
\BOOKMARK [2][-]{subsection.7.5}{\376\377\000A\000g\000e\000-\000S\000p\000e\000c\000i\000f\000i\000c\000\040\000C\000o\000n\000s\000i\000d\000e\000r\000a\000t\000i\000o\000n\000s}{section.7}% 73
\BOOKMARK [2][-]{subsection.7.6}{\376\377\000C\000O\000V\000I\000D\000-\0001\0009\000\040\000P\000e\000r\000i\000o\000d\000\040\000A\000n\000a\000l\000y\000s\000i\000s}{section.7}% 74
\BOOKMARK [2][-]{subsection.7.7}{\376\377\000L\000i\000m\000i\000t\000a\000t\000i\000o\000n\000s}{section.7}% 75
\BOOKMARK [3][-]{subsubsection.7.7.1}{\376\377\000A\000b\000s\000e\000n\000c\000e\000\040\000o\000f\000\040\000D\000e\000a\000t\000h\000\040\000D\000a\000t\000e\000s}{subsection.7.7}% 76
\BOOKMARK [3][-]{subsubsection.7.7.2}{\376\377\000I\000n\000f\000o\000r\000m\000a\000t\000i\000v\000e\000\040\000C\000e\000n\000s\000o\000r\000i\000n\000g}{subsection.7.7}% 77
\BOOKMARK [3][-]{subsubsection.7.7.3}{\376\377\000C\000o\000m\000p\000e\000t\000i\000n\000g\000\040\000R\000i\000s\000k\000s}{subsection.7.7}% 78
\BOOKMARK [2][-]{subsection.7.8}{\376\377\000I\000m\000p\000l\000e\000m\000e\000n\000t\000a\000t\000i\000o\000n\000\040\000i\000n\000\040\000S\000i\000m\000u\000l\000a\000t\000i\000o\000n\000\040\000M\000o\000d\000e\000l\000s}{section.7}% 79
\BOOKMARK [1][-]{section.8}{\376\377\000C\000h\000a\000l\000l\000e\000n\000g\000e\000s\000\040\000i\000n\000\040\000O\000b\000t\000a\000i\000n\000i\000n\000g\000\040\000L\000o\000n\000g\000-\000T\000e\000r\000m\000\040\000R\000e\000a\000l\000-\000W\000o\000r\000l\000d\000\040\000D\000a\000t\000a\000\040\000f\000o\000r\000\040\000A\000f\000l\000i\000b\000e\000r\000c\000e\000p\000t}{}% 80
\BOOKMARK [2][-]{subsection.8.1}{\376\377\000L\000i\000m\000i\000t\000e\000d\000\040\000L\000o\000n\000g\000-\000T\000e\000r\000m\000\040\000S\000t\000u\000d\000i\000e\000s}{section.8}% 81
\BOOKMARK [2][-]{subsection.8.2}{\376\377\000H\000i\000g\000h\000\040\000A\000t\000t\000r\000i\000t\000i\000o\000n\000\040\000R\000a\000t\000e\000s}{section.8}% 82
\BOOKMARK [2][-]{subsection.8.3}{\376\377\000T\000r\000e\000a\000t\000m\000e\000n\000t\000\040\000D\000i\000s\000c\000o\000n\000t\000i\000n\000u\000a\000t\000i\000o\000n\000\040\000a\000n\000d\000\040\000N\000o\000n\000-\000P\000e\000r\000s\000i\000s\000t\000e\000n\000c\000e}{section.8}% 83
\BOOKMARK [2][-]{subsection.8.4}{\376\377\000D\000a\000t\000a\000\040\000C\000o\000l\000l\000e\000c\000t\000i\000o\000n\000\040\000L\000i\000m\000i\000t\000a\000t\000i\000o\000n\000s}{section.8}% 84
\BOOKMARK [2][-]{subsection.8.5}{\376\377\000A\000b\000s\000e\000n\000c\000e\000\040\000o\000f\000\040\000C\000o\000n\000t\000r\000o\000l\000\040\000G\000r\000o\000u\000p\000s}{section.8}% 85
\BOOKMARK [2][-]{subsection.8.6}{\376\377\000G\000e\000o\000g\000r\000a\000p\000h\000i\000c\000\040\000a\000n\000d\000\040\000H\000e\000a\000l\000t\000h\000c\000a\000r\000e\000\040\000S\000y\000s\000t\000e\000m\000\040\000V\000a\000r\000i\000a\000t\000i\000o\000n\000s}{section.8}% 86
\BOOKMARK [2][-]{subsection.8.7}{\376\377\000I\000m\000p\000l\000i\000c\000a\000t\000i\000o\000n\000s\000\040\000f\000o\000r\000\040\000S\000i\000m\000u\000l\000a\000t\000i\000o\000n\000\040\000M\000o\000d\000e\000l\000i\000n\000g}{section.8}% 87
\BOOKMARK [1][-]{section.9}{\376\377\000L\000o\000n\000g\000-\000T\000e\000r\000m\000\040\000R\000e\000a\000l\000-\000W\000o\000r\000l\000d\000\040\000O\000u\000t\000c\000o\000m\000e\000s\000\040\000o\000f\000\040\000A\000f\000l\000i\000b\000e\000r\000c\000e\000p\000t\000:\000\040\000E\000v\000i\000d\000e\000n\000c\000e\000\040\000f\000r\000o\000m\000\040\000R\000e\000c\000e\000n\000t\000\040\000S\000t\000u\000d\000i\000e\000s}{}% 88
\BOOKMARK [2][-]{subsection.9.1}{\376\377\000F\000o\000u\000r\000-\000Y\000e\000a\000r\000\040\000O\000u\000t\000c\000o\000m\000e\000s\000\040\000i\000n\000\040\000A\000s\000i\000a\000n\000\040\000P\000o\000p\000u\000l\000a\000t\000i\000o\000n\000s}{section.9}% 89
\BOOKMARK [2][-]{subsection.9.2}{\376\377\000F\000i\000v\000e\000-\000Y\000e\000a\000r\000\040\000R\000e\000a\000l\000-\000W\000o\000r\000l\000d\000\040\000V\000i\000s\000u\000a\000l\000\040\000A\000c\000u\000i\000t\000y\000\040\000O\000u\000t\000c\000o\000m\000e\000s}{section.9}% 90
\BOOKMARK [2][-]{subsection.9.3}{\376\377\000C\000o\000m\000p\000a\000r\000a\000t\000i\000v\000e\000\040\000R\000e\000a\000l\000-\000W\000o\000r\000l\000d\000\040\000R\000e\000g\000i\000s\000t\000r\000y\000\040\000D\000a\000t\000a}{section.9}% 91
\BOOKMARK [2][-]{subsection.9.4}{\376\377\000L\000o\000n\000g\000-\000T\000e\000r\000m\000\040\000I\000t\000a\000l\000i\000a\000n\000\040\000R\000e\000a\000l\000-\000W\000o\000r\000l\000d\000\040\000E\000x\000p\000e\000r\000i\000e\000n\000c\000e}{section.9}% 92
\BOOKMARK [2][-]{subsection.9.5}{\376\377\000M\000e\000t\000a\000-\000A\000n\000a\000l\000y\000s\000i\000s\000\040\000o\000f\000\040\0001\0000\000-\000Y\000e\000a\000r\000\040\000A\000n\000t\000i\000-\000V\000E\000G\000F\000\040\000O\000u\000t\000c\000o\000m\000e\000s}{section.9}% 93
\BOOKMARK [2][-]{subsection.9.6}{\376\377\000K\000e\000y\000\040\000P\000a\000r\000a\000m\000e\000t\000e\000r\000s\000\040\000f\000o\000r\000\040\000S\000i\000m\000u\000l\000a\000t\000i\000o\000n\000\040\000M\000o\000d\000e\000l\000i\000n\000g}{section.9}% 94
\BOOKMARK [3][-]{subsubsection.9.6.1}{\376\377\000I\000n\000j\000e\000c\000t\000i\000o\000n\000\040\000F\000r\000e\000q\000u\000e\000n\000c\000y}{subsection.9.6}% 95
\BOOKMARK [3][-]{subsubsection.9.6.2}{\376\377\000V\000i\000s\000u\000a\000l\000\040\000A\000c\000u\000i\000t\000y\000\040\000T\000r\000a\000j\000e\000c\000t\000o\000r\000i\000e\000s}{subsection.9.6}% 96
\BOOKMARK [3][-]{subsubsection.9.6.3}{\376\377\000D\000i\000s\000c\000o\000n\000t\000i\000n\000u\000a\000t\000i\000o\000n\000\040\000a\000n\000d\000\040\000A\000t\000t\000r\000i\000t\000i\000o\000n}{subsection.9.6}% 97
\BOOKMARK [3][-]{subsubsection.9.6.4}{\376\377\000D\000i\000s\000e\000a\000s\000e\000\040\000P\000r\000o\000g\000r\000e\000s\000s\000i\000o\000n}{subsection.9.6}% 98
\BOOKMARK [1][-]{section.10}{\376\377\000I\000m\000p\000l\000i\000c\000a\000t\000i\000o\000n\000s\000\040\000f\000o\000r\000\040\000S\000i\000m\000u\000l\000a\000t\000i\000o\000n\000\040\000M\000o\000d\000e\000l\000i\000n\000g}{}% 99
\BOOKMARK [2][-]{subsection.10.1}{\376\377\000S\000y\000n\000t\000h\000e\000s\000i\000z\000i\000n\000g\000\040\000L\000i\000m\000i\000t\000e\000d\000\040\000L\000o\000n\000g\000-\000T\000e\000r\000m\000\040\000D\000a\000t\000a}{section.10}% 100
\BOOKMARK [2][-]{subsection.10.2}{\376\377\000T\000r\000e\000a\000t\000m\000e\000n\000t\000\040\000P\000a\000t\000t\000e\000r\000n\000\040\000H\000e\000t\000e\000r\000o\000g\000e\000n\000e\000i\000t\000y}{section.10}% 101
\BOOKMARK [2][-]{subsection.10.3}{\376\377\000C\000r\000i\000t\000i\000c\000a\000l\000\040\000T\000h\000r\000e\000s\000h\000o\000l\000d\000s\000\040\000a\000n\000d\000\040\000T\000i\000p\000p\000i\000n\000g\000\040\000P\000o\000i\000n\000t\000s}{section.10}% 102
\BOOKMARK [2][-]{subsection.10.4}{\376\377\000E\000x\000t\000r\000a\000p\000o\000l\000a\000t\000i\000o\000n\000\040\000C\000h\000a\000l\000l\000e\000n\000g\000e\000s}{section.10}% 103
\BOOKMARK [2][-]{subsection.10.5}{\376\377\000R\000e\000a\000l\000-\000W\000o\000r\000l\000d\000\040\000C\000o\000n\000s\000t\000r\000a\000i\000n\000t\000s}{section.10}% 104
\BOOKMARK [2][-]{subsection.10.6}{\376\377\000P\000a\000r\000a\000m\000e\000t\000e\000r\000\040\000U\000n\000c\000e\000r\000t\000a\000i\000n\000t\000y\000\040\000Q\000u\000a\000n\000t\000i\000f\000i\000c\000a\000t\000i\000o\000n}{section.10}% 105
\BOOKMARK [2][-]{subsection.10.7}{\376\377\000V\000a\000l\000i\000d\000a\000t\000i\000o\000n\000\040\000S\000t\000r\000a\000t\000e\000g\000i\000e\000s}{section.10}% 106
\BOOKMARK [2][-]{subsection.10.8}{\376\377\000C\000o\000n\000c\000l\000u\000s\000i\000o\000n}{section.10}% 107
\BOOKMARK [1][-]{section.11}{\376\377\000S\000u\000m\000m\000a\000r\000y\000\040\000o\000f\000\040\000S\000i\000m\000u\000l\000a\000t\000i\000o\000n\000\040\000P\000a\000r\000a\000m\000e\000t\000e\000r\000s\000\040\000f\000r\000o\000m\000\040\000L\000i\000t\000e\000r\000a\000t\000u\000r\000e}{}% 108
\BOOKMARK [2][-]{subsection.11.1}{\376\377\000C\000o\000r\000e\000\040\000T\000r\000e\000a\000t\000m\000e\000n\000t\000\040\000P\000a\000r\000a\000m\000e\000t\000e\000r\000s}{section.11}% 109
\BOOKMARK [3][-]{subsubsection.11.1.1}{\376\377\000I\000n\000j\000e\000c\000t\000i\000o\000n\000\040\000F\000r\000e\000q\000u\000e\000n\000c\000y\000\040\000D\000i\000s\000t\000r\000i\000b\000u\000t\000i\000o\000n}{subsection.11.1}% 110
\BOOKMARK [3][-]{subsubsection.11.1.2}{\376\377\000T\000r\000e\000a\000t\000m\000e\000n\000t\000\040\000T\000h\000r\000e\000s\000h\000o\000l\000d\000s}{subsection.11.1}% 111
\BOOKMARK [2][-]{subsection.11.2}{\376\377\000C\000l\000i\000n\000i\000c\000a\000l\000\040\000O\000u\000t\000c\000o\000m\000e\000\040\000T\000r\000a\000j\000e\000c\000t\000o\000r\000i\000e\000s}{section.11}% 112
\BOOKMARK [3][-]{subsubsection.11.2.1}{\376\377\000V\000i\000s\000u\000a\000l\000\040\000A\000c\000u\000i\000t\000y\000\040\000E\000v\000o\000l\000u\000t\000i\000o\000n}{subsection.11.2}% 113
\BOOKMARK [3][-]{subsubsection.11.2.2}{\376\377\000T\000r\000e\000a\000t\000m\000e\000n\000t\000\040\000R\000e\000s\000p\000o\000n\000s\000e\000\040\000C\000a\000t\000e\000g\000o\000r\000i\000e\000s}{subsection.11.2}% 114
\BOOKMARK [2][-]{subsection.11.3}{\376\377\000D\000i\000s\000c\000o\000n\000t\000i\000n\000u\000a\000t\000i\000o\000n\000\040\000a\000n\000d\000\040\000A\000t\000t\000r\000i\000t\000i\000o\000n\000\040\000P\000a\000r\000a\000m\000e\000t\000e\000r\000s}{section.11}% 115
\BOOKMARK [3][-]{subsubsection.11.3.1}{\376\377\000C\000u\000m\000u\000l\000a\000t\000i\000v\000e\000\040\000D\000i\000s\000c\000o\000n\000t\000i\000n\000u\000a\000t\000i\000o\000n\000\040\000R\000a\000t\000e\000s}{subsection.11.3}% 116
\BOOKMARK [3][-]{subsubsection.11.3.2}{\376\377\000D\000i\000s\000c\000o\000n\000t\000i\000n\000u\000a\000t\000i\000o\000n\000\040\000C\000a\000t\000e\000g\000o\000r\000i\000e\000s}{subsection.11.3}% 117
\BOOKMARK [2][-]{subsection.11.4}{\376\377\000D\000i\000s\000e\000a\000s\000e\000\040\000P\000r\000o\000g\000r\000e\000s\000s\000i\000o\000n\000\040\000P\000a\000r\000a\000m\000e\000t\000e\000r\000s}{section.11}% 118
\BOOKMARK [3][-]{subsubsection.11.4.1}{\376\377\000C\000o\000m\000p\000l\000i\000c\000a\000t\000i\000o\000n\000\040\000D\000e\000v\000e\000l\000o\000p\000m\000e\000n\000t\000\040\000R\000a\000t\000e\000s}{subsection.11.4}% 119
\BOOKMARK [2][-]{subsection.11.5}{\376\377\000R\000e\000a\000l\000-\000W\000o\000r\000l\000d\000\040\000v\000s\000\040\000C\000l\000i\000n\000i\000c\000a\000l\000\040\000T\000r\000i\000a\000l\000\040\000G\000a\000p}{section.11}% 120
\BOOKMARK [2][-]{subsection.11.6}{\376\377\000S\000i\000m\000u\000l\000a\000t\000i\000o\000n\000\040\000M\000o\000d\000e\000l\000\040\000R\000e\000c\000o\000m\000m\000e\000n\000d\000a\000t\000i\000o\000n\000s}{section.11}% 121
\BOOKMARK [3][-]{subsubsection.11.6.1}{\376\377\000E\000s\000s\000e\000n\000t\000i\000a\000l\000\040\000P\000a\000r\000a\000m\000e\000t\000e\000r\000s\000\040\000t\000o\000\040\000M\000o\000d\000e\000l}{subsection.11.6}% 122
\BOOKMARK [3][-]{subsubsection.11.6.2}{\376\377\000U\000n\000c\000e\000r\000t\000a\000i\000n\000t\000y\000\040\000Q\000u\000a\000n\000t\000i\000f\000i\000c\000a\000t\000i\000o\000n}{subsection.11.6}% 123
\BOOKMARK [3][-]{subsubsection.11.6.3}{\376\377\000V\000a\000l\000i\000d\000a\000t\000i\000o\000n\000\040\000T\000a\000r\000g\000e\000t\000s}{subsection.11.6}% 124
