# Documentation Errors Log

## Current Status (May 3, 2025)

The documentation has been significantly improved, with most critical issues fixed. The Sphinx documentation build now succeeds with only warnings (no errors).

## Fixed Issues

1. Fixed documentation structure:
   - Created proper index.rst file for simulation modules
   - Added base.rst file for simulation.base module
   - Removed duplicate documentation

2. Fixed docstring formatting:
   - Removed `:no-index:` directives from module and class docstrings
   - Fixed indentation issues in ClinicalModel docstring
   - Fixed formatting in PatientState docstring

3. Created documentation guidelines:
   - Added meta/documentation_guidelines.md with standards for docstrings
   - Included examples of proper NumPy-style docstring formatting
   - Added guidelines for Sphinx documentation structure

4. Updated run_simulation.py documentation:
   - Added command-line argument documentation
   - Updated example usage section
   - Added detailed function docstrings

5. Fixed simulation/config.py documentation:
   - Added Parameters and Returns sections to all method docstrings
   - Added documentation for sensitivity analysis parameters
   - Added documentation for cost parameters
   - Added documentation for treatment discontinuation parameters

## Remaining Issues

Some warnings still exist in the following files:
1. simulation/config.py - Several indentation and formatting issues
2. simulation/scheduler.py - Field list formatting issue
3. simulation/patient_state.py - Field list formatting issues
4. simulation/clinical_model.py - Indentation and formatting issues

## Test Files Needing Documentation

The following test files are missing module docstrings:
1. test_des_simulation.py
2. test_abs_simulation.py
3. test_des_queues.py
4. test_protocol_config_validation.py
5. test_protocol_configs.py
6. test_multiple_simulations.py
7. test_protocol_models.py
8. tests/unit/test_abs_patient_generator.py
9. tests/unit/test_agent_state.py
10. tests/unit/test_clinical_model_v2.py
11. tests/unit/test_clinical_model.py
12. tests/unit/test_population_viz.py
13. tests/unit/test_simulation_events.py
14. tests/unit/test_simulation_base.py
15. tests/unit/test_simulation_results.py

These will be addressed in a future update.
