This is LuaHBTeX, Version 1.16.0 (TeX Live 2023)  (format=lualatex 2024.3.3)  3 MAY 2025 18:37
 restricted system commands enabled.
 file:line:error style messages enabled.
**/Users/rose/Code/aided/Paper/medical-computing-paper/sections/results
(/Users/rose/Code/aided/Paper/medical-computing-paper/sections/results.tex
LaTeX2e <2022-11-01> patch level 1
Lua module: luaotfload 2022-10-03 3.23 Lua based OpenType font support
Lua module: lualibs 2022-10-04 2.75 ConTeXt Lua standard libraries.
Lua module: lualibs-extended 2022-10-04 2.75 ConTeXt Lua libraries -- extended collection.
luaotfload | conf : Root cache directory is "/Users/rose/Library/texlive/2023/texmf-var/luatex-cache/generic/names".
luaotfload | init : Loading fontloader "fontloader-2022-10-03.lua" from kpse-resolved path "/usr/local/texlive/2023/texmf-dist/tex/luatex/luaotfload/fontloader-2022-10-03.lua".
Lua-only attribute luaotfload@noligature = 1
luaotfload | init : Context OpenType loader version 3.120
Inserting `luaotfload.node_processor' in `pre_linebreak_filter'.
Inserting `luaotfload.node_processor' in `hpack_filter'.
Inserting `luaotfload.glyph_stream' in `glyph_stream_provider'.
Inserting `luaotfload.define_font' in `define_font'.
Lua-only attribute luaotfload_color_attribute = 2
luaotfload | conf : Root cache directory is "/Users/rose/Library/texlive/2023/texmf-var/luatex-cache/generic/names".
Inserting `luaotfload.harf.strip_prefix' in `find_opentype_file'.
Inserting `luaotfload.harf.strip_prefix' in `find_truetype_file'.
Removing  `luaotfload.glyph_stream' from `glyph_stream_provider'.
Inserting `luaotfload.harf.glyphstream' in `glyph_stream_provider'.
Inserting `luaotfload.harf.finalize_vlist' in `post_linebreak_filter'.
Inserting `luaotfload.harf.finalize_hlist' in `hpack_filter'.
Inserting `luaotfload.cleanup_files' in `wrapup_run'.
Inserting `luaotfload.harf.finalize_unicode' in `finish_pdffile'.
Inserting `luaotfload.glyphinfo' in `glyph_info'.
Lua-only attribute luaotfload.letterspace_done = 3
Inserting `luaotfload.aux.set_sscale_dimens' in `luaotfload.patch_font'.
Inserting `luaotfload.aux.set_font_index' in `luaotfload.patch_font'.
Inserting `luaotfload.aux.patch_cambria_domh' in `luaotfload.patch_font'.
Inserting `luaotfload.aux.fixup_fontdata' in `luaotfload.patch_font_unsafe'.
Inserting `luaotfload.aux.set_capheight' in `luaotfload.patch_font'.
Inserting `luaotfload.aux.set_xheight' in `luaotfload.patch_font'.
Inserting `luaotfload.rewrite_fontname' in `luaotfload.patch_font'. L3 programming layer <2023-02-22>
Inserting `tracingstacklevels' in `input_level_string'.
/Users/rose/Code/aided/Paper/medical-computing-paper/sections/results.tex:4: Undefined control sequence.
l.4 \section
          {Results}
The control sequence at the end of the top line
of your error message was never \def'ed. If you have
misspelled it (e.g., `\hobx'), type `I' and the correct
spelling (e.g., `I\hbox'). Otherwise just continue,
and I'll forget about whatever was undefined.


/Users/rose/Code/aided/Paper/medical-computing-paper/sections/results.tex:4: LaTeX Error: Missing \begin{document}.

See the LaTeX manual or LaTeX Companion for explanation.
Type  H <return>  for immediate help.
 ...                                              
                                                  
l.4 \section{R
            esults}
You're in trouble here.  Try typing  <return>  to proceed.
If that doesn't work, type  X <return>  to quit.


Overfull \hbox (20.0pt too wide) in paragraph at lines 4--5
[]Results 
 []


/Users/rose/Code/aided/Paper/medical-computing-paper/sections/results.tex:6: LaTeX Error: Missing \begin{document}.

See the LaTeX manual or LaTeX Companion for explanation.
Type  H <return>  for immediate help.
 ...                                              
                                                  
l.6 I
   n this section, we present the results of our study. The findings are org...
You're in trouble here.  Try typing  <return>  to proceed.
If that doesn't work, type  X <return>  to quit.


Overfull \hbox (20.0pt too wide) in paragraph at lines 6--7
[]In
 []

/Users/rose/Code/aided/Paper/medical-computing-paper/sections/results.tex:8: Undefined control sequence.
l.8 \subsection
             {Data Analysis}
The control sequence at the end of the top line
of your error message was never \def'ed. If you have
misspelled it (e.g., `\hobx'), type `I' and the correct
spelling (e.g., `I\hbox'). Otherwise just continue,
and I'll forget about whatever was undefined.


/Users/rose/Code/aided/Paper/medical-computing-paper/sections/results.tex:8: LaTeX Error: Missing \begin{document}.

See the LaTeX manual or LaTeX Companion for explanation.
Type  H <return>  for immediate help.
 ...                                              
                                                  
l.8 \subsection{D
               ata Analysis}
You're in trouble here.  Try typing  <return>  to proceed.
If that doesn't work, type  X <return>  to quit.

luaotfload | db : Font names database loaded from /Users/rose/Library/texlive/2023/texmf-var/luatex-cache/generic/names/luaotfload-names.luc.gz
/Users/rose/Code/aided/Paper/medical-computing-paper/sections/results.tex:9: Undefined control sequence.
<write> ...ning: Reference `tab:results' on page \thepage 
                                                  \space undefined\on@line .
l.9 ... studied, as shown in Table \ref{tab:results}
                                                  .
The control sequence at the end of the top line
of your error message was never \def'ed. If you have
misspelled it (e.g., `\hobx'), type `I' and the correct
spelling (e.g., `I\hbox'). Otherwise just continue,
and I'll forget about whatever was undefined.


LaTeX Warning: Reference `tab:results' on page  undefined on input line 9.


Overfull \hbox (20.0pt too wide) in paragraph at lines 8--10
[]Data
 []


Overfull \hbox (10.85999pt too wide) in paragraph at lines 8--10
[]. 
 []

/Users/rose/Code/aided/Paper/medical-computing-paper/sections/results.tex:11: Undefined control sequence.
l.11 \subsection
              {Key Findings}
The control sequence at the end of the top line
of your error message was never \def'ed. If you have
misspelled it (e.g., `\hobx'), type `I' and the correct
spelling (e.g., `I\hbox'). Otherwise just continue,
and I'll forget about whatever was undefined.


/Users/rose/Code/aided/Paper/medical-computing-paper/sections/results.tex:11: LaTeX Error: Missing \begin{document}.

See the LaTeX manual or LaTeX Companion for explanation.
Type  H <return>  for immediate help.
 ...                                              
                                                  
l.11 \subsection{K
                ey Findings}
You're in trouble here.  Try typing  <return>  to proceed.
If that doesn't work, type  X <return>  to quit.


Overfull \hbox (20.0pt too wide) in paragraph at lines 11--13
[]Key
 []

/Users/rose/Code/aided/Paper/medical-computing-paper/sections/results.tex:19: Undefined control sequence.
l.19 \subsection
              {Visual Representation}
The control sequence at the end of the top line
of your error message was never \def'ed. If you have
misspelled it (e.g., `\hobx'), type `I' and the correct
spelling (e.g., `I\hbox'). Otherwise just continue,
and I'll forget about whatever was undefined.

/Users/rose/Code/aided/Paper/medical-computing-paper/sections/results.tex:20: Undefined control sequence.
<write> ...ning: Reference `fig:results' on page \thepage 
                                                  \space undefined\on@line .
l.20 Figure \ref{fig:results}
                            illustrates the main results visually, providing...
The control sequence at the end of the top line
of your error message was never \def'ed. If you have
misspelled it (e.g., `\hobx'), type `I' and the correct
spelling (e.g., `I\hbox'). Otherwise just continue,
and I'll forget about whatever was undefined.


LaTeX Warning: Reference `fig:results' on page  undefined on input line 20.


Overfull \hbox (20.0pt too wide) in paragraph at lines 19--21
[]Visual
 []


Overfull \hbox (10.85999pt too wide) in paragraph at lines 19--21
[]
 []

/Users/rose/Code/aided/Paper/medical-computing-paper/sections/results.tex:22: Undefined control sequence.
l.22 \subsection
              {Statistical Significance}
The control sequence at the end of the top line
of your error message was never \def'ed. If you have
misspelled it (e.g., `\hobx'), type `I' and the correct
spelling (e.g., `I\hbox'). Otherwise just continue,
and I'll forget about whatever was undefined.


Overfull \hbox (20.0pt too wide) in paragraph at lines 22--24
[]Statistical
 []

/Users/rose/Code/aided/Paper/medical-computing-paper/sections/results.tex:25: Undefined control sequence.
l.25 \subsection
              {Limitations}
The control sequence at the end of the top line
of your error message was never \def'ed. If you have
misspelled it (e.g., `\hobx'), type `I' and the correct
spelling (e.g., `I\hbox'). Otherwise just continue,
and I'll forget about whatever was undefined.


Overfull \hbox (20.0pt too wide) in paragraph at lines 25--27
[]Limitations
 []

/Users/rose/Code/aided/Paper/medical-computing-paper/sections/results.tex:28: Undefined control sequence.
l.28 \subsection
              {Future Directions}
The control sequence at the end of the top line
of your error message was never \def'ed. If you have
misspelled it (e.g., `\hobx'), type `I' and the correct
spelling (e.g., `I\hbox'). Otherwise just continue,
and I'll forget about whatever was undefined.

)
! Emergency stop.
<*> ...Paper/medical-computing-paper/sections/results
                                                  
*** (job aborted, no legal \end found)



Here is how much of LuaTeX's memory you used:
 26 strings out of 478285
 100000,1977958 words of node,token memory allocated 10484 words of node memory still in use:
   39 hlist, 1 disc, 11 local_par, 1 dir, 260 glue, 3 kern, 25 penalty, 1098 glyph, 48 attribute, 39 glue_spec, 48 attribute_list, 1 temp nodes
   avail lists: 4:28,5:12,10:27
 20350 multiletter control sequences out of 65536+600000
 16 fonts using 855119 bytes
 16i,2n,12p,307b,99s stack positions out of 10000i,1000n,20000p,200000b,200000s
!  ==> Fatal error occurred, no output PDF file produced!
