2025-05-20T08:55:22.062Z - ERROR: Uncaught exception: {
  "code": "EADDRINUSE",
  "errno": -48,
  "syscall": "listen",
  "address": "::",
  "port": 5000
}
2025-05-20T08:55:32.296Z - ERROR: Uncaught exception: {
  "code": "EADDRINUSE",
  "errno": -48,
  "syscall": "listen",
  "address": "::",
  "port": 5000
}
2025-05-20T08:55:42.464Z - ERROR: Uncaught exception: {
  "code": "EADDRINUSE",
  "errno": -48,
  "syscall": "listen",
  "address": "::",
  "port": 5000
}
2025-05-20T08:55:52.636Z - ERROR: Uncaught exception: {
  "code": "EADDRINUSE",
  "errno": -48,
  "syscall": "listen",
  "address": "::",
  "port": 5000
}
